1612944753280	geckodriver	INFO	Listening on 127.0.0.1:52920
1612944756306	mozrunner::runner	INFO	Running command: "C:\\Program Files\\Mozilla Firefox\\firefox.exe" "--marionette" "-foreground" "-no-remote" "-profile" "C:\\Users\\Admin\\AppData\\Local\\Temp\\rust_mozprofile5QJeWd"
1612944758835	geckodriver	INFO	Listening on 127.0.0.1:52941
1612944761873	mozrunner::runner	INFO	Running command: "C:\\Program Files\\Mozilla Firefox\\firefox.exe" "--marionette" "-foreground" "-no-remote" "-profile" "C:\\Users\\Admin\\AppData\\Local\\Temp\\rust_mozprofiletP5i7N"
Can't find symbol 'eglSwapBuffersWithDamageEXT'.
Can't find symbol 'eglSetDamageRegionKHR'.
[Parent 19716, Gecko_IOThread] WARNING: Failed to launch tab subprocess: file /builds/worker/checkouts/gecko/ipc/glue/GeckoChildProcessHost.cpp:745
[Parent 19716, Gecko_IOThread] WARNING: Failed to launch tab subprocess: file /builds/worker/checkouts/gecko/ipc/glue/GeckoChildProcessHost.cpp:745
[Parent 19716, Gecko_IOThread] WARNING: Failed to launch tab subprocess: file /builds/worker/checkouts/gecko/ipc/glue/GeckoChildProcessHost.cpp:745
JavaScript error: chrome://global/content/elements/browser-custom-element.js, line 1010: NS_ERROR_UNEXPECTED: Component returned failure code: 0x8000ffff (NS_ERROR_UNEXPECTED) [nsIScriptSecurityManager.getLoadContextContentPrincipal]
[Parent 19716, Gecko_IOThread] WARNING: Failed to launch tab subprocess: file /builds/worker/checkouts/gecko/ipc/glue/GeckoChildProcessHost.cpp:745
[Parent 19716, Gecko_IOThread] WARNING: Failed to launch tab subprocess: file /builds/worker/checkouts/gecko/ipc/glue/GeckoChildProcessHost.cpp:745
[Parent 19716, Gecko_IOThread] WARNING: Failed to launch tab subprocess: file /builds/worker/checkouts/gecko/ipc/glue/GeckoChildProcessHost.cpp:745
JavaScript error: chrome://global/content/elements/browser-custom-element.js, line 1010: NS_ERROR_UNEXPECTED: Component returned failure code: 0x8000ffff (NS_ERROR_UNEXPECTED) [nsIScriptSecurityManager.getLoadContextContentPrincipal]
[Parent 19716, Gecko_IOThread] WARNING: Failed to launch tab subprocess: file /builds/worker/checkouts/gecko/ipc/glue/GeckoChildProcessHost.cpp:745
[Parent 19716, Gecko_IOThread] WARNING: Failed to launch tab subprocess: file /builds/worker/checkouts/gecko/ipc/glue/GeckoChildProcessHost.cpp:745
[Parent 19716, Gecko_IOThread] WARNING: Failed to launch tab subprocess: file /builds/worker/checkouts/gecko/ipc/glue/GeckoChildProcessHost.cpp:745
JavaScript error: chrome://global/content/elements/browser-custom-element.js, line 1010: NS_ERROR_UNEXPECTED: Component returned failure code: 0x8000ffff (NS_ERROR_UNEXPECTED) [nsIScriptSecurityManager.getLoadContextContentPrincipal]
JavaScript error: resource://gre/modules/ExtensionParent.jsm, line 1501: TypeError: messageManager is null
JavaScript error: resource://gre/modules/ExtensionParent.jsm, line 1501: TypeError: messageManager is null
JavaScript error: resource://gre/modules/ExtensionParent.jsm, line 1501: TypeError: messageManager is null
console.warn: SearchSettings: "get: No settings file exists, new profile?" (new Error("", "(unknown module)"))
JavaScript error: resource://gre/modules/IndexedDB.jsm, line 101: TransactionInactiveError: A request was placed against a transaction which is currently not active, or which is finished.
1612944784950	Marionette	INFO	Listening on port 52951
1612944785194	Marionette	WARN	TLS certificate errors will be ignored for this session
WARNING: At least one completion condition is taking too long to complete. Conditions: [{"name":"ContentParent: id=2a7545c4800","state":{"remoteTypePrefix":"web"},"filename":"/builds/worker/checkouts/gecko/dom/ipc/ContentParent.cpp","lineNumber":3341,"stack":["resource://gre/modules/nsAsyncShutdown.jsm:addBlocker:162","chrome://global/content/elements/browser-custom-element.js:get loadContext:353","chrome://global/content/elements/browser-custom-element.js:construct:1012","chrome://global/content/elements/browser-custom-element.js:connectedCallback:291","chrome://browser/content/tabbrowser.js:_setupInitialBrowserAndTab:381","chrome://browser/content/tabbrowser.js:init:42","chrome://browser/content/browser.js:onDOMContentLoaded:1793"]}] Barrier: profile-before-change
1612944895877	Marionette	INFO	Stopped listening on port 52951

###!!! [Child][RunMessage] Error: Channel closing: too late to send/recv, messages will be lost

1612944965725	geckodriver	INFO	Listening on 127.0.0.1:53307
1612944968759	mozrunner::runner	INFO	Running command: "C:\\Program Files\\Mozilla Firefox\\firefox.exe" "--marionette" "-foreground" "-no-remote" "-profile" "C:\\Users\\Admin\\AppData\\Local\\Temp\\rust_mozprofilehkQcOR"
console.warn: SearchSettings: "get: No settings file exists, new profile?" (new Error("", "(unknown module)"))
1612944974674	Marionette	INFO	Listening on port 53319
1612944975049	Marionette	WARN	TLS certificate errors will be ignored for this session
1612944975071	Marionette	ERROR	[15] No reply from Marionette:Register
console.warn: SearchSettings: "get: No settings file exists, new profile?" (new Error("", "(unknown module)"))
1612944988177	Marionette	INFO	Stopped listening on port 53319

###!!! [Child][RunMessage] Error: Channel closing: too late to send/recv, messages will be lost

1612944990839	geckodriver	INFO	Listening on 127.0.0.1:53415
1612944993879	mozrunner::runner	INFO	Running command: "C:\\Program Files\\Mozilla Firefox\\firefox.exe" "--marionette" "-foreground" "-no-remote" "-profile" "C:\\Users\\Admin\\AppData\\Local\\Temp\\rust_mozprofileJQVCKh"
console.warn: SearchSettings: "get: No settings file exists, new profile?" (new Error("", "(unknown module)"))
1612944999870	Marionette	INFO	Listening on port 53425
1612945000244	Marionette	WARN	TLS certificate errors will be ignored for this session
1612945000307	Marionette	ERROR	[15] No reply from Marionette:Register
console.warn: SearchSettings: "get: No settings file exists, new profile?" (new Error("", "(unknown module)"))
1612945008285	Marionette	INFO	Stopped listening on port 53425

###!!! [Child][RunMessage] Error: Channel closing: too late to send/recv, messages will be lost

